Start testing: Oct 17 21:04 UTC
----------------------------------------------------------
1/1 Testing: test_all
1/1 Test: test_all
Command: "/home/runner/work/cpp-ho-library-template/build/test/testlib"
Directory: /home/runner/work/cpp-ho-library-template/build/test
"test_all" start time: Oct 17 21:04 UTC
Output:
----------------------------------------------------------
===============================================================================
All tests passed (2 assertions in 1 test case)

<end of output>
Test time =   0.00 sec
----------------------------------------------------------
Test Passed.
"test_all" end time: Oct 17 21:04 UTC
"test_all" time elapsed: 00:00:00
----------------------------------------------------------

End testing: Oct 17 21:04 UTC
